<?xml version="1.0" encoding="UTF-8"?>
<testng-results ignored="0" total="1" passed="1" failed="0" skipped="0">
  <reporter-output>
  </reporter-output>
  <suite started-at="2025-02-19T15:26:26 EST" name="Suite" finished-at="2025-02-19T15:26:36 EST" duration-ms="10148">
    <groups>
      <group name="cucumber">
        <method signature="AbstractTestNGCucumberTests.runScenario(io.cucumber.testng.PickleWrapper,io.cucumber.testng.FeatureWrapper)[pri:0, instance:runner.TestRunner@5c86a017]" name="runScenario" class="io.cucumber.testng.AbstractTestNGCucumberTests"/>
      </group> <!-- cucumber -->
    </groups>
    <test started-at="2025-02-19T15:26:26 EST" name="ChromeTest" finished-at="2025-02-19T15:26:36 EST" duration-ms="10148">
      <class name="runner.TestRunner">
        <test-method is-config="true" signature="defineBrowser(java.lang.String)[pri:0, instance:runner.TestRunner@5c86a017]" started-at="2025-02-19T15:26:26 EST" name="defineBrowser" finished-at="2025-02-19T15:26:26 EST" duration-ms="17" status="PASS">
          <params>
            <param index="0">
              <value>
                <![CDATA[chrome]]>
              </value>
            </param>
          </params>
          <reporter-output>
          </reporter-output>
        </test-method> <!-- defineBrowser -->
        <test-method is-config="true" signature="setUpClass(org.testng.ITestContext)[pri:0, instance:runner.TestRunner@5c86a017]" started-at="2025-02-19T15:26:26 EST" name="setUpClass" finished-at="2025-02-19T15:26:27 EST" duration-ms="1339" status="PASS">
          <params>
            <param index="0">
              <value>
                <![CDATA[org.testng.TestRunner@6fd1ea75]]>
              </value>
            </param>
          </params>
          <reporter-output>
          </reporter-output>
        </test-method> <!-- setUpClass -->
        <test-method signature="runScenario(io.cucumber.testng.PickleWrapper,io.cucumber.testng.FeatureWrapper)[pri:0, instance:runner.TestRunner@5c86a017]" started-at="2025-02-19T15:26:27 EST" name="runScenario" description="Runs Cucumber Scenarios" data-provider="scenarios" finished-at="2025-02-19T15:26:33 EST" duration-ms="5391" status="PASS">
          <params>
            <param index="0">
              <value>
                <![CDATA["Validate login with valid data in all field"]]>
              </value>
            </param>
            <param index="1">
              <value>
                <![CDATA["Login  Page Verification"]]>
              </value>
            </param>
          </params>
          <reporter-output>
          </reporter-output>
        </test-method> <!-- runScenario -->
        <test-method is-config="true" signature="tearDownClass()[pri:0, instance:runner.TestRunner@5c86a017]" started-at="2025-02-19T15:26:33 EST" name="tearDownClass" finished-at="2025-02-19T15:26:36 EST" duration-ms="3339" status="PASS">
          <reporter-output>
          </reporter-output>
        </test-method> <!-- tearDownClass -->
      </class> <!-- runner.TestRunner -->
    </test> <!-- ChromeTest -->
  </suite> <!-- Suite -->
</testng-results>
